{
  "RSpec": {
    "coverage": {
      "/Users/jimmyjurado/Turing/3mod/projects/final_project/lunch_and_learn/app/models/user.rb": {
        "lines": [
          1,
          1,
          1,
          1,
          1,
          null,
          1,
          1,
          null
        ]
      },
      "/Users/jimmyjurado/Turing/3mod/projects/final_project/lunch_and_learn/app/models/application_record.rb": {
        "lines": [
          1,
          1,
          null
        ]
      },
      "/Users/jimmyjurado/Turing/3mod/projects/final_project/lunch_and_learn/app/controllers/api/v1/sessions_controller.rb": {
        "lines": [
          1,
          1,
          2,
          2,
          1,
          null,
          1,
          null,
          null,
          null
        ]
      },
      "/Users/jimmyjurado/Turing/3mod/projects/final_project/lunch_and_learn/app/controllers/application_controller.rb": {
        "lines": [
          1,
          null
        ]
      },
      "/Users/jimmyjurado/Turing/3mod/projects/final_project/lunch_and_learn/app/serializers/user_serializer.rb": {
        "lines": [
          1,
          1,
          null,
          1,
          1,
          1,
          null,
          null,
          null
        ]
      },
      "/Users/jimmyjurado/Turing/3mod/projects/final_project/lunch_and_learn/app/serializers/error_user_serializer.rb": {
        "lines": [
          1,
          null,
          1,
          1,
          1,
          1,
          null,
          null,
          1,
          null,
          1,
          null,
          null,
          null,
          null,
          null,
          null,
          null,
          null,
          null,
          null
        ]
      }
    },
    "timestamp": 1691528183
  }
}
