{
  "RSpec": {
    "coverage": {
      "/Users/jimmyjurado/Turing/3mod/projects/final_project/lunch_and_learn/app/controllers/api/v1/recipes_controller.rb": {
        "lines": [
          1,
          1,
          2,
          1,
          null,
          1,
          null,
          null,
          2,
          null,
          null,
          null
        ]
      },
      "/Users/jimmyjurado/Turing/3mod/projects/final_project/lunch_and_learn/app/controllers/application_controller.rb": {
        "lines": [
          1,
          null
        ]
      },
      "/Users/jimmyjurado/Turing/3mod/projects/final_project/lunch_and_learn/app/facades/recipe_search_facade.rb": {
        "lines": [
          1,
          1,
          2,
          null,
          null,
          null,
          1,
          2,
          2,
          2,
          21,
          21,
          null,
          null,
          null,
          1,
          1,
          null,
          21,
          null,
          null,
          null,
          null,
          null,
          null
        ]
      },
      "/Users/jimmyjurado/Turing/3mod/projects/final_project/lunch_and_learn/app/services/recipe_service.rb": {
        "lines": [
          1,
          1,
          2,
          null,
          null,
          1,
          null,
          2,
          2,
          2,
          2,
          2,
          2,
          null,
          2,
          null,
          null,
          1,
          1,
          2,
          null,
          null,
          1,
          0,
          null,
          null
        ]
      },
      "/Users/jimmyjurado/Turing/3mod/projects/final_project/lunch_and_learn/app/poros/api_recipe.rb": {
        "lines": [
          1,
          1,
          null,
          null,
          null,
          null,
          1,
          21,
          21,
          21,
          21,
          null,
          null
        ]
      },
      "/Users/jimmyjurado/Turing/3mod/projects/final_project/lunch_and_learn/app/serializers/api_recipe_serializer.rb": {
        "lines": [
          1,
          1,
          null,
          1,
          22,
          1,
          null,
          null,
          null,
          null
        ]
      },
      "/Users/jimmyjurado/Turing/3mod/projects/final_project/lunch_and_learn/app/facades/country_search_facade.rb": {
        "lines": [
          1,
          1,
          1,
          1,
          3,
          null,
          1,
          null,
          1,
          null,
          null,
          1,
          null,
          null,
          null,
          1,
          1,
          null,
          null
        ]
      },
      "/Users/jimmyjurado/Turing/3mod/projects/final_project/lunch_and_learn/app/services/country_search_service.rb": {
        "lines": [
          1,
          null,
          1,
          1,
          null,
          null,
          1,
          1,
          1,
          null,
          null,
          1,
          1,
          1,
          null,
          1,
          null,
          null
        ]
      },
      "/Users/jimmyjurado/Turing/3mod/projects/final_project/lunch_and_learn/app/poros/api_country.rb": {
        "lines": [
          1,
          1,
          null,
          1,
          null,
          3,
          null,
          null
        ]
      }
    },
    "timestamp": 1691356772
  }
}
